<?xml version="1.0" encoding="UTF-8"?>
<testng-results ignored="0" total="1" passed="1" failed="0" skipped="0">
  <reporter-output>
  </reporter-output>
  <suite started-at="2026-09-16T23:05:53 IST" name="Default suite" finished-at="2026-09-16T23:06:18 IST" duration-ms="24923">
    <groups>
    </groups>
    <test started-at="2026-09-16T23:05:53 IST" name="Default test" finished-at="2026-09-16T23:06:18 IST" duration-ms="24923">
      <class name="Login.LoginPage">
        <test-method is-config="true" signature="launchBrowser()[pri:0, instance:Login.LoginPage@34e9fd99]" started-at="2026-09-16T23:05:53 IST" name="launchBrowser" finished-at="2026-09-16T23:06:09 IST" duration-ms="15770" status="PASS">
          <reporter-output>
          </reporter-output>
        </test-method> <!-- launchBrowser -->
        <test-method signature="VerifyLogin()[pri:0, instance:Login.LoginPage@34e9fd99]" started-at="2026-09-16T23:06:09 IST" name="VerifyLogin" finished-at="2026-09-16T23:06:17 IST" duration-ms="8723" status="PASS">
          <reporter-output>
          </reporter-output>
        </test-method> <!-- VerifyLogin -->
        <test-method is-config="true" signature="closeBrowser()[pri:0, instance:Login.LoginPage@34e9fd99]" started-at="2026-09-16T23:06:17 IST" name="closeBrowser" finished-at="2026-09-16T23:06:18 IST" duration-ms="382" status="PASS">
          <reporter-output>
          </reporter-output>
        </test-method> <!-- closeBrowser -->
      </class> <!-- Login.LoginPage -->
    </test> <!-- Default test -->
  </suite> <!-- Default suite -->
</testng-results>
